<?xml version="1.0" encoding="UTF-8"?>
<testng-results skipped="0" failed="2" ignored="1" total="3" passed="0">
  <reporter-output>
  </reporter-output>
  <suite name="Suite" duration-ms="72629" started-at="2018-06-18T13:46:14Z" finished-at="2018-06-18T13:47:27Z">
    <groups>
    </groups>
    <test name="Test1" duration-ms="72629" started-at="2018-06-18T13:46:14Z" finished-at="2018-06-18T13:47:27Z">
      <class name="com.thamesWater.fiori.CreateLeaveRequest2">
        <test-method status="PASS" signature="beforeMethod(java.lang.reflect.Method, java.lang.String, java.lang.String)[pri:0, instance:com.thamesWater.fiori.CreateLeaveRequest2@20f5239f]" name="beforeMethod" is-config="true" duration-ms="11411" started-at="2018-06-18T19:16:14Z" finished-at="2018-06-18T19:16:26Z">
          <params>
            <param index="0">
              <value>
                <![CDATA[private void com.thamesWater.fiori.CreateLeaveRequest2.CreateLeaveRequestTestTwo()]]>
              </value>
            </param>
            <param index="1">
              <value>
                <![CDATA[chrome]]>
              </value>
            </param>
            <param index="2">
              <value>
                <![CDATA[http://sfeq01.twutil.net:8055/sap/bc/ui2/flp/Fiorilaunchpad.html]]>
              </value>
            </param>
          </params>
          <reporter-output>
          </reporter-output>
        </test-method> <!-- beforeMethod -->
        <test-method status="FAIL" signature="CreateLeaveRequestTestTwo()[pri:0, instance:com.thamesWater.fiori.CreateLeaveRequest2@20f5239f]" name="CreateLeaveRequestTestTwo" duration-ms="60875" started-at="2018-06-18T19:16:26Z" finished-at="2018-06-18T19:17:27Z">
          <exception class="java.lang.AssertionError">
            <message>
              <![CDATA[expected [true] but found [false]]]>
            </message>
            <full-stacktrace>
              <![CDATA[java.lang.AssertionError: expected [true] but found [false]
	at org.testng.Assert.fail(Assert.java:93)
	at org.testng.Assert.failNotEquals(Assert.java:512)
	at org.testng.Assert.assertTrue(Assert.java:41)
	at org.testng.Assert.assertTrue(Assert.java:51)
	at com.thamesWater.fiori.CreateLeaveRequest2.CreateLeaveRequestTestTwo(CreateLeaveRequest2.java:113)
	at sun.reflect.NativeMethodAccessorImpl.invoke0(Native Method)
	at sun.reflect.NativeMethodAccessorImpl.invoke(NativeMethodAccessorImpl.java:62)
	at sun.reflect.DelegatingMethodAccessorImpl.invoke(DelegatingMethodAccessorImpl.java:43)
	at java.lang.reflect.Method.invoke(Method.java:498)
	at org.testng.internal.MethodInvocationHelper.invokeMethod(MethodInvocationHelper.java:108)
	at org.testng.internal.Invoker.invokeMethod(Invoker.java:661)
	at org.testng.internal.Invoker.invokeTestMethod(Invoker.java:869)
	at org.testng.internal.Invoker.invokeTestMethods(Invoker.java:1193)
	at org.testng.internal.TestMethodWorker.invokeTestMethods(TestMethodWorker.java:126)
	at org.testng.internal.TestMethodWorker.run(TestMethodWorker.java:109)
	at java.util.concurrent.ThreadPoolExecutor.runWorker(ThreadPoolExecutor.java:1142)
	at java.util.concurrent.ThreadPoolExecutor$Worker.run(ThreadPoolExecutor.java:617)
	at java.lang.Thread.run(Thread.java:748)
]]>
            </full-stacktrace>
          </exception> <!-- java.lang.AssertionError -->
          <reporter-output>
          </reporter-output>
        </test-method> <!-- CreateLeaveRequestTestTwo -->
        <test-method status="PASS" signature="afterMethod(java.lang.reflect.Method)[pri:0, instance:com.thamesWater.fiori.CreateLeaveRequest2@20f5239f]" name="afterMethod" is-config="true" duration-ms="0" started-at="2018-06-18T19:17:27Z" finished-at="2018-06-18T19:17:27Z">
          <params>
            <param index="0">
              <value>
                <![CDATA[private void com.thamesWater.fiori.CreateLeaveRequest2.CreateLeaveRequestTestTwo()]]>
              </value>
            </param>
          </params>
          <reporter-output>
          </reporter-output>
        </test-method> <!-- afterMethod -->
        <test-method status="PASS" signature="afterSuite()[pri:0, instance:com.thamesWater.fiori.CreateLeaveRequest2@20f5239f]" name="afterSuite" is-config="true" duration-ms="693" started-at="2018-06-18T19:17:27Z" finished-at="2018-06-18T19:17:28Z">
          <reporter-output>
          </reporter-output>
        </test-method> <!-- afterSuite -->
      </class> <!-- com.thamesWater.fiori.CreateLeaveRequest2 -->
      <class name="com.thamesWater.fiori.CreateLeaveRequest">
        <test-method status="PASS" signature="beforeMethod(java.lang.reflect.Method, java.lang.String, java.lang.String)[pri:0, instance:com.thamesWater.fiori.CreateLeaveRequest@57af006c]" name="beforeMethod" is-config="true" duration-ms="11260" started-at="2018-06-18T19:16:14Z" finished-at="2018-06-18T19:16:25Z">
          <params>
            <param index="0">
              <value>
                <![CDATA[private void com.thamesWater.fiori.CreateLeaveRequest.CreateLeaveRequestTestOne()]]>
              </value>
            </param>
            <param index="1">
              <value>
                <![CDATA[chrome]]>
              </value>
            </param>
            <param index="2">
              <value>
                <![CDATA[http://sfeq01.twutil.net:8055/sap/bc/ui2/flp/Fiorilaunchpad.html]]>
              </value>
            </param>
          </params>
          <reporter-output>
          </reporter-output>
        </test-method> <!-- beforeMethod -->
        <test-method status="FAIL" signature="CreateLeaveRequestTestOne()[pri:0, instance:com.thamesWater.fiori.CreateLeaveRequest@57af006c]" name="CreateLeaveRequestTestOne" duration-ms="60454" started-at="2018-06-18T19:16:25Z" finished-at="2018-06-18T19:17:26Z">
          <exception class="java.lang.AssertionError">
            <message>
              <![CDATA[expected [true] but found [false]]]>
            </message>
            <full-stacktrace>
              <![CDATA[java.lang.AssertionError: expected [true] but found [false]
	at org.testng.Assert.fail(Assert.java:93)
	at org.testng.Assert.failNotEquals(Assert.java:512)
	at org.testng.Assert.assertTrue(Assert.java:41)
	at org.testng.Assert.assertTrue(Assert.java:51)
	at com.thamesWater.fiori.CreateLeaveRequest.CreateLeaveRequestTestOne(CreateLeaveRequest.java:112)
	at sun.reflect.NativeMethodAccessorImpl.invoke0(Native Method)
	at sun.reflect.NativeMethodAccessorImpl.invoke(NativeMethodAccessorImpl.java:62)
	at sun.reflect.DelegatingMethodAccessorImpl.invoke(DelegatingMethodAccessorImpl.java:43)
	at java.lang.reflect.Method.invoke(Method.java:498)
	at org.testng.internal.MethodInvocationHelper.invokeMethod(MethodInvocationHelper.java:108)
	at org.testng.internal.Invoker.invokeMethod(Invoker.java:661)
	at org.testng.internal.Invoker.invokeTestMethod(Invoker.java:869)
	at org.testng.internal.Invoker.invokeTestMethods(Invoker.java:1193)
	at org.testng.internal.TestMethodWorker.invokeTestMethods(TestMethodWorker.java:126)
	at org.testng.internal.TestMethodWorker.run(TestMethodWorker.java:109)
	at java.util.concurrent.ThreadPoolExecutor.runWorker(ThreadPoolExecutor.java:1142)
	at java.util.concurrent.ThreadPoolExecutor$Worker.run(ThreadPoolExecutor.java:617)
	at java.lang.Thread.run(Thread.java:748)
]]>
            </full-stacktrace>
          </exception> <!-- java.lang.AssertionError -->
          <reporter-output>
          </reporter-output>
        </test-method> <!-- CreateLeaveRequestTestOne -->
        <test-method status="PASS" signature="afterMethod(java.lang.reflect.Method)[pri:0, instance:com.thamesWater.fiori.CreateLeaveRequest@57af006c]" name="afterMethod" is-config="true" duration-ms="2" started-at="2018-06-18T19:17:26Z" finished-at="2018-06-18T19:17:26Z">
          <params>
            <param index="0">
              <value>
                <![CDATA[private void com.thamesWater.fiori.CreateLeaveRequest.CreateLeaveRequestTestOne()]]>
              </value>
            </param>
          </params>
          <reporter-output>
          </reporter-output>
        </test-method> <!-- afterMethod -->
      </class> <!-- com.thamesWater.fiori.CreateLeaveRequest -->
    </test> <!-- Test1 -->
  </suite> <!-- Suite -->
</testng-results>
